2026-01-26 15:14:41,338 [INFO] ============================================================
2026-01-26 15:14:41,338 [INFO] PREDATOR-PREY HYDRA EFFECT EXPERIMENTS
2026-01-26 15:14:41,338 [INFO] ============================================================
2026-01-26 15:14:41,338 [INFO] Phases: [2]
2026-01-26 15:14:41,338 [INFO] Output: results/phase2_18693004
2026-01-26 15:14:41,338 [INFO] Cores: 32
2026-01-26 15:14:41,338 [INFO] Numba: ENABLED
2026-01-26 15:14:41,338 [INFO] 
2026-01-26 15:14:41,338 [INFO] ============================================================
2026-01-26 15:14:41,339 [INFO] PHASE 2
2026-01-26 15:14:41,339 [INFO] ============================================================
2026-01-26 15:14:41,339 [INFO] Estimated: 100 sims, ~0.4h on 32 cores (~14 core-hours)
2026-01-26 15:14:41,339 [INFO] Dry run - skipping execution
2026-01-26 15:14:41,339 [INFO] 
2026-01-26 15:14:41,339 [INFO] ============================================================
2026-01-26 15:14:41,339 [INFO] EXPERIMENTS COMPLETE
2026-01-26 15:14:41,339 [INFO] ============================================================
2026-01-26 15:14:42,518 [INFO] ============================================================
2026-01-26 15:14:42,518 [INFO] PREDATOR-PREY HYDRA EFFECT EXPERIMENTS
2026-01-26 15:14:42,518 [INFO] ============================================================
2026-01-26 15:14:42,518 [INFO] Phases: [2]
2026-01-26 15:14:42,518 [INFO] Output: results/phase2_18693004
2026-01-26 15:14:42,518 [INFO] Cores: 32
2026-01-26 15:14:42,518 [INFO] Numba: ENABLED
2026-01-26 15:14:42,518 [INFO] 
2026-01-26 15:14:42,518 [INFO] ============================================================
2026-01-26 15:14:42,518 [INFO] PHASE 2
2026-01-26 15:14:42,518 [INFO] ============================================================
2026-01-26 15:14:42,518 [INFO] Estimated: 100 sims, ~0.4h on 32 cores (~14 core-hours)
2026-01-26 15:14:48,474 [INFO] Phase 2: 200 simulations
2026-01-26 15:14:48,475 [INFO]   prey_birth value: 0.2
2026-01-26 15:14:48,475 [INFO]   initial prey_death values: 20
2026-01-26 15:14:48,475 [INFO]   Replicates: 10
2026-01-26 15:49:17,385 [INFO] Phase 2 complete. Results: results/phase2_18693004/phase2_results.jsonl
2026-01-26 15:49:17,403 [INFO] Phase 2 runtime: 34.6 minutes
2026-01-26 15:49:17,403 [INFO] 
2026-01-26 15:49:17,403 [INFO] ============================================================
2026-01-26 15:49:17,403 [INFO] EXPERIMENTS COMPLETE
2026-01-26 15:49:17,403 [INFO] ============================================================
