2026-01-26 16:53:51,318 [INFO] ============================================================
2026-01-26 16:53:51,318 [INFO] PREDATOR-PREY HYDRA EFFECT EXPERIMENTS
2026-01-26 16:53:51,318 [INFO] ============================================================
2026-01-26 16:53:51,318 [INFO] Phases: [3]
2026-01-26 16:53:51,318 [INFO] Output: results/phase3_18698382
2026-01-26 16:53:51,318 [INFO] Cores: 32
2026-01-26 16:53:51,319 [INFO] Numba: ENABLED
2026-01-26 16:53:51,319 [INFO] 
2026-01-26 16:53:51,319 [INFO] ============================================================
2026-01-26 16:53:51,319 [INFO] PHASE 3
2026-01-26 16:53:51,319 [INFO] ============================================================
2026-01-26 16:53:51,319 [INFO] Estimated: 1,500 sims, ~2.2h on 32 cores (~71 core-hours)
2026-01-26 16:53:51,319 [INFO] Dry run - skipping execution
2026-01-26 16:53:51,319 [INFO] 
2026-01-26 16:53:51,319 [INFO] ============================================================
2026-01-26 16:53:51,319 [INFO] EXPERIMENTS COMPLETE
2026-01-26 16:53:51,319 [INFO] ============================================================
2026-01-26 16:53:52,501 [INFO] ============================================================
2026-01-26 16:53:52,501 [INFO] PREDATOR-PREY HYDRA EFFECT EXPERIMENTS
2026-01-26 16:53:52,501 [INFO] ============================================================
2026-01-26 16:53:52,501 [INFO] Phases: [3]
2026-01-26 16:53:52,501 [INFO] Output: results/phase3_18698382
2026-01-26 16:53:52,501 [INFO] Cores: 32
2026-01-26 16:53:52,501 [INFO] Numba: ENABLED
2026-01-26 16:53:52,501 [INFO] 
2026-01-26 16:53:52,501 [INFO] ============================================================
2026-01-26 16:53:52,501 [INFO] PHASE 3
2026-01-26 16:53:52,501 [INFO] ============================================================
2026-01-26 16:53:52,501 [INFO] Estimated: 1,500 sims, ~2.2h on 32 cores (~71 core-hours)
2026-01-26 16:53:52,650 [INFO] Phase 3: FSS at critical point (pb=0.2, pd=0.0963)
2026-01-26 16:54:07,348 [INFO]   Grid sizes: (50, 100, 250, 500, 1000, 2500)
2026-01-26 16:54:07,349 [INFO]   Total simulations: 120
2026-01-26 17:14:44,746 [INFO] Phase 3 complete. Results: results/phase3_18698382/phase3_results.jsonl
2026-01-26 17:14:44,756 [INFO] Phase 3 runtime: 20.9 minutes
2026-01-26 17:14:44,756 [INFO] 
2026-01-26 17:14:44,756 [INFO] ============================================================
2026-01-26 17:14:44,756 [INFO] EXPERIMENTS COMPLETE
2026-01-26 17:14:44,756 [INFO] ============================================================
