2026-01-28 16:37:12,640 [INFO] ============================================================
2026-01-28 16:37:12,640 [INFO] PREDATOR-PREY HYDRA EFFECT EXPERIMENTS
2026-01-28 16:37:12,640 [INFO] ============================================================
2026-01-28 16:37:12,640 [INFO] Phases: [1]
2026-01-28 16:37:12,640 [INFO] Output: results/phase1_18831093
2026-01-28 16:37:12,640 [INFO] Cores: 128
2026-01-28 16:37:12,640 [INFO] Numba: ENABLED
2026-01-28 16:37:12,640 [INFO] 
2026-01-28 16:37:12,640 [INFO] ============================================================
2026-01-28 16:37:12,640 [INFO] PHASE 1
2026-01-28 16:37:12,640 [INFO] ============================================================
2026-01-28 16:37:12,640 [INFO] Estimated: 9,000 sims, ~3.3h on 128 cores (~423 core-hours)
2026-01-28 16:37:12,640 [INFO] Dry run - skipping execution
2026-01-28 16:37:12,640 [INFO] 
2026-01-28 16:37:12,640 [INFO] ============================================================
2026-01-28 16:37:12,640 [INFO] EXPERIMENTS COMPLETE
2026-01-28 16:37:12,640 [INFO] ============================================================
2026-01-28 16:37:13,648 [INFO] ============================================================
2026-01-28 16:37:13,648 [INFO] PREDATOR-PREY HYDRA EFFECT EXPERIMENTS
2026-01-28 16:37:13,648 [INFO] ============================================================
2026-01-28 16:37:13,648 [INFO] Phases: [1]
2026-01-28 16:37:13,648 [INFO] Output: results/phase1_18831093
2026-01-28 16:37:13,648 [INFO] Cores: 128
2026-01-28 16:37:13,648 [INFO] Numba: ENABLED
2026-01-28 16:37:13,648 [INFO] 
2026-01-28 16:37:13,648 [INFO] ============================================================
2026-01-28 16:37:13,648 [INFO] PHASE 1
2026-01-28 16:37:13,648 [INFO] ============================================================
2026-01-28 16:37:13,648 [INFO] Estimated: 9,000 sims, ~3.3h on 128 cores (~423 core-hours)
2026-01-28 16:37:14,384 [INFO] Phase 1: 600 simulations
2026-01-28 16:37:14,384 [INFO]   Grid: 20 prey_death values × 30 reps (prey_birth=0.2)
2026-01-28 16:46:50,474 [INFO] Phase 1 complete. Results: results/phase1_18831093/phase1_results.jsonl
2026-01-28 16:46:50,523 [INFO] Phase 1 runtime: 9.6 minutes
2026-01-28 16:46:50,523 [INFO] 
2026-01-28 16:46:50,523 [INFO] ============================================================
2026-01-28 16:46:50,524 [INFO] EXPERIMENTS COMPLETE
2026-01-28 16:46:50,524 [INFO] ============================================================
