2026-01-25 20:27:13,344 [INFO] ============================================================
2026-01-25 20:27:13,344 [INFO] PREDATOR-PREY HYDRA EFFECT EXPERIMENTS
2026-01-25 20:27:13,344 [INFO] ============================================================
2026-01-25 20:27:13,344 [INFO] Phases: [1]
2026-01-25 20:27:13,344 [INFO] Output: results/phase1_18676753
2026-01-25 20:27:13,344 [INFO] Cores: 32
2026-01-25 20:27:13,344 [INFO] Numba: ENABLED
2026-01-25 20:27:13,344 [INFO] 
2026-01-25 20:27:13,344 [INFO] ============================================================
2026-01-25 20:27:13,344 [INFO] PHASE 1
2026-01-25 20:27:13,344 [INFO] ============================================================
2026-01-25 20:27:13,344 [INFO] Estimated: 9,000 sims, ~0.1h on 32 cores (~2 core-hours)
2026-01-25 20:27:13,344 [INFO] Dry run - skipping execution
2026-01-25 20:27:13,344 [INFO] 
2026-01-25 20:27:13,344 [INFO] ============================================================
2026-01-25 20:27:13,344 [INFO] EXPERIMENTS COMPLETE
2026-01-25 20:27:13,345 [INFO] ============================================================
2026-01-25 20:27:14,497 [INFO] ============================================================
2026-01-25 20:27:14,497 [INFO] PREDATOR-PREY HYDRA EFFECT EXPERIMENTS
2026-01-25 20:27:14,497 [INFO] ============================================================
2026-01-25 20:27:14,497 [INFO] Phases: [1]
2026-01-25 20:27:14,497 [INFO] Output: results/phase1_18676753
2026-01-25 20:27:14,497 [INFO] Cores: 32
2026-01-25 20:27:14,498 [INFO] Numba: ENABLED
2026-01-25 20:27:14,498 [INFO] 
2026-01-25 20:27:14,498 [INFO] ============================================================
2026-01-25 20:27:14,498 [INFO] PHASE 1
2026-01-25 20:27:14,498 [INFO] ============================================================
2026-01-25 20:27:14,498 [INFO] Estimated: 9,000 sims, ~0.1h on 32 cores (~2 core-hours)
2026-01-25 20:27:20,070 [INFO] Phase 1: 600 simulations
2026-01-25 20:27:20,070 [INFO]   Grid: 20 prey_death values × 30 reps (prey_birth=0.2)
2026-01-25 20:27:25,877 [INFO] Phase 1 complete. Results: results/phase1_18676753/phase1_results.jsonl
2026-01-25 20:27:25,879 [INFO] Phase 1 runtime: 0.2 minutes
2026-01-25 20:27:25,879 [INFO] 
2026-01-25 20:27:25,879 [INFO] ============================================================
2026-01-25 20:27:25,879 [INFO] EXPERIMENTS COMPLETE
2026-01-25 20:27:25,879 [INFO] ============================================================
