2026-01-27 17:58:08,406 [INFO] ============================================================
2026-01-27 17:58:08,406 [INFO] PREDATOR-PREY HYDRA EFFECT EXPERIMENTS
2026-01-27 17:58:08,406 [INFO] ============================================================
2026-01-27 17:58:08,406 [INFO] Phases: [1]
2026-01-27 17:58:08,406 [INFO] Output: results/phase1_18777691
2026-01-27 17:58:08,406 [INFO] Cores: 128
2026-01-27 17:58:08,406 [INFO] Numba: ENABLED
2026-01-27 17:58:08,407 [INFO] 
2026-01-27 17:58:08,407 [INFO] ============================================================
2026-01-27 17:58:08,407 [INFO] PHASE 1
2026-01-27 17:58:08,407 [INFO] ============================================================
2026-01-27 17:58:08,407 [INFO] Estimated: 9,000 sims, ~8.3h on 128 cores (~1058 core-hours)
2026-01-27 17:58:08,407 [INFO] Dry run - skipping execution
2026-01-27 17:58:08,407 [INFO] 
2026-01-27 17:58:08,407 [INFO] ============================================================
2026-01-27 17:58:08,407 [INFO] EXPERIMENTS COMPLETE
2026-01-27 17:58:08,407 [INFO] ============================================================
2026-01-27 17:58:09,408 [INFO] ============================================================
2026-01-27 17:58:09,408 [INFO] PREDATOR-PREY HYDRA EFFECT EXPERIMENTS
2026-01-27 17:58:09,408 [INFO] ============================================================
2026-01-27 17:58:09,408 [INFO] Phases: [1]
2026-01-27 17:58:09,408 [INFO] Output: results/phase1_18777691
2026-01-27 17:58:09,408 [INFO] Cores: 128
2026-01-27 17:58:09,408 [INFO] Numba: ENABLED
2026-01-27 17:58:09,408 [INFO] 
2026-01-27 17:58:09,408 [INFO] ============================================================
2026-01-27 17:58:09,408 [INFO] PHASE 1
2026-01-27 17:58:09,408 [INFO] ============================================================
2026-01-27 17:58:09,408 [INFO] Estimated: 9,000 sims, ~8.3h on 128 cores (~1058 core-hours)
2026-01-27 17:58:10,150 [INFO] Phase 1: 600 simulations
2026-01-27 17:58:10,151 [INFO]   Grid: 20 prey_death values × 30 reps (prey_birth=0.2)
2026-01-27 18:15:49,810 [INFO] Phase 1 complete. Results: results/phase1_18777691/phase1_results.jsonl
2026-01-27 18:15:49,850 [INFO] Phase 1 runtime: 17.7 minutes
2026-01-27 18:15:49,850 [INFO] 
2026-01-27 18:15:49,850 [INFO] ============================================================
2026-01-27 18:15:49,850 [INFO] EXPERIMENTS COMPLETE
2026-01-27 18:15:49,850 [INFO] ============================================================
