2026-01-25 21:27:51,540 [INFO] ============================================================
2026-01-25 21:27:51,540 [INFO] PREDATOR-PREY HYDRA EFFECT EXPERIMENTS
2026-01-25 21:27:51,540 [INFO] ============================================================
2026-01-25 21:27:51,540 [INFO] Phases: [1]
2026-01-25 21:27:51,540 [INFO] Output: results/phase1_18677015
2026-01-25 21:27:51,540 [INFO] Cores: 32
2026-01-25 21:27:51,540 [INFO] Numba: ENABLED
2026-01-25 21:27:51,540 [INFO] 
2026-01-25 21:27:51,540 [INFO] ============================================================
2026-01-25 21:27:51,541 [INFO] PHASE 1
2026-01-25 21:27:51,541 [INFO] ============================================================
2026-01-25 21:27:51,541 [INFO] Estimated: 9,000 sims, ~13.2h on 32 cores (~423 core-hours)
2026-01-25 21:27:51,541 [INFO] Dry run - skipping execution
2026-01-25 21:27:51,541 [INFO] 
2026-01-25 21:27:51,541 [INFO] ============================================================
2026-01-25 21:27:51,541 [INFO] EXPERIMENTS COMPLETE
2026-01-25 21:27:51,541 [INFO] ============================================================
2026-01-25 21:27:52,718 [INFO] ============================================================
2026-01-25 21:27:52,718 [INFO] PREDATOR-PREY HYDRA EFFECT EXPERIMENTS
2026-01-25 21:27:52,718 [INFO] ============================================================
2026-01-25 21:27:52,718 [INFO] Phases: [1]
2026-01-25 21:27:52,718 [INFO] Output: results/phase1_18677015
2026-01-25 21:27:52,719 [INFO] Cores: 32
2026-01-25 21:27:52,719 [INFO] Numba: ENABLED
2026-01-25 21:27:52,719 [INFO] 
2026-01-25 21:27:52,719 [INFO] ============================================================
2026-01-25 21:27:52,719 [INFO] PHASE 1
2026-01-25 21:27:52,719 [INFO] ============================================================
2026-01-25 21:27:52,719 [INFO] Estimated: 9,000 sims, ~13.2h on 32 cores (~423 core-hours)
2026-01-25 21:27:58,720 [INFO] Phase 1: 600 simulations
2026-01-25 21:27:58,721 [INFO]   Grid: 20 prey_death values × 30 reps (prey_birth=0.2)
2026-01-25 21:46:45,197 [INFO] Phase 1 complete. Results: results/phase1_18677015/phase1_results.jsonl
2026-01-25 21:46:45,220 [INFO] Phase 1 runtime: 18.9 minutes
2026-01-25 21:46:45,220 [INFO] 
2026-01-25 21:46:45,220 [INFO] ============================================================
2026-01-25 21:46:45,220 [INFO] EXPERIMENTS COMPLETE
2026-01-25 21:46:45,220 [INFO] ============================================================
