2026-01-26 11:37:31,253 [INFO] ============================================================
2026-01-26 11:37:31,253 [INFO] PREDATOR-PREY HYDRA EFFECT EXPERIMENTS
2026-01-26 11:37:31,253 [INFO] ============================================================
2026-01-26 11:37:31,253 [INFO] Phases: [1]
2026-01-26 11:37:31,253 [INFO] Output: results/phase1_18682575
2026-01-26 11:37:31,253 [INFO] Cores: 32
2026-01-26 11:37:31,254 [INFO] Numba: ENABLED
2026-01-26 11:37:31,254 [INFO] 
2026-01-26 11:37:31,254 [INFO] ============================================================
2026-01-26 11:37:31,254 [INFO] PHASE 1
2026-01-26 11:37:31,254 [INFO] ============================================================
2026-01-26 11:37:31,254 [INFO] Estimated: 9,000 sims, ~13.2h on 32 cores (~423 core-hours)
2026-01-26 11:37:31,254 [INFO] Dry run - skipping execution
2026-01-26 11:37:31,254 [INFO] 
2026-01-26 11:37:31,254 [INFO] ============================================================
2026-01-26 11:37:31,254 [INFO] EXPERIMENTS COMPLETE
2026-01-26 11:37:31,254 [INFO] ============================================================
2026-01-26 11:37:32,419 [INFO] ============================================================
2026-01-26 11:37:32,419 [INFO] PREDATOR-PREY HYDRA EFFECT EXPERIMENTS
2026-01-26 11:37:32,419 [INFO] ============================================================
2026-01-26 11:37:32,419 [INFO] Phases: [1]
2026-01-26 11:37:32,419 [INFO] Output: results/phase1_18682575
2026-01-26 11:37:32,419 [INFO] Cores: 32
2026-01-26 11:37:32,419 [INFO] Numba: ENABLED
2026-01-26 11:37:32,420 [INFO] 
2026-01-26 11:37:32,420 [INFO] ============================================================
2026-01-26 11:37:32,420 [INFO] PHASE 1
2026-01-26 11:37:32,420 [INFO] ============================================================
2026-01-26 11:37:32,420 [INFO] Estimated: 9,000 sims, ~13.2h on 32 cores (~423 core-hours)
2026-01-26 11:37:38,321 [INFO] Phase 1: 600 simulations
2026-01-26 11:37:38,321 [INFO]   Grid: 20 prey_death values × 30 reps (prey_birth=0.2)
2026-01-26 12:11:49,630 [INFO] Phase 1 complete. Results: results/phase1_18682575/phase1_results.jsonl
2026-01-26 12:11:49,668 [INFO] Phase 1 runtime: 34.3 minutes
2026-01-26 12:11:49,669 [INFO] 
2026-01-26 12:11:49,669 [INFO] ============================================================
2026-01-26 12:11:49,669 [INFO] EXPERIMENTS COMPLETE
2026-01-26 12:11:49,669 [INFO] ============================================================
