2026-01-23 11:56:47,627 [INFO] ============================================================
2026-01-23 11:56:47,627 [INFO] PP Evolutionary Analysis - OPTIMIZED VERSION
2026-01-23 11:56:47,627 [INFO] ============================================================
2026-01-23 11:56:47,627 [INFO] Mode: plot
2026-01-23 11:56:47,627 [INFO] Output: mock_results
2026-01-23 11:56:47,627 [INFO] Cores: -1
2026-01-23 11:56:47,627 [INFO] Numba: ENABLED
2026-01-23 11:56:47,627 [INFO] Directed hunting: DISABLED
2026-01-23 11:56:47,627 [INFO] Estimated: 7,250 sims, ~0.1h on 8 cores (~1 core-hours)
2026-01-23 11:56:48,037 [INFO] Loaded 400 results
2026-01-23 11:56:48,779 [INFO] Saved phase_diagrams.png
2026-01-23 11:56:49,001 [INFO] Saved hydra_analysis.png
2026-01-23 11:56:49,226 [INFO] Saved pcf_analysis.png
2026-01-23 11:56:49,226 [INFO] ============================================================
2026-01-23 11:56:49,226 [INFO] ANALYSIS SUMMARY
2026-01-23 11:56:49,226 [INFO] ============================================================
2026-01-23 11:56:49,226 [INFO] Hydra region: 0 combinations
2026-01-23 11:56:49,226 [INFO] Max Hydra strength: nan
2026-01-23 11:56:49,226 [INFO] Mean segregation index: 1.000
2026-01-23 11:56:49,226 [INFO] Critical point: pb=0.100, pd=0.100
2026-01-23 11:56:49,227 [INFO] Total runtime: 0.00 hours
2026-01-23 11:56:49,227 [INFO] Done!
