2026-01-25 20:40:38,449 [INFO] ============================================================
2026-01-25 20:40:38,450 [INFO] PREDATOR-PREY HYDRA EFFECT EXPERIMENTS
2026-01-25 20:40:38,450 [INFO] ============================================================
2026-01-25 20:40:38,450 [INFO] Phases: [1]
2026-01-25 20:40:38,450 [INFO] Output: results/phase1_18676818
2026-01-25 20:40:38,450 [INFO] Cores: 32
2026-01-25 20:40:38,450 [INFO] Numba: ENABLED
2026-01-25 20:40:38,450 [INFO] 
2026-01-25 20:40:38,450 [INFO] ============================================================
2026-01-25 20:40:38,450 [INFO] PHASE 1
2026-01-25 20:40:38,450 [INFO] ============================================================
2026-01-25 20:40:38,450 [INFO] Estimated: 9,000 sims, ~5.3h on 32 cores (~170 core-hours)
2026-01-25 20:40:38,450 [INFO] Dry run - skipping execution
2026-01-25 20:40:38,450 [INFO] 
2026-01-25 20:40:38,450 [INFO] ============================================================
2026-01-25 20:40:38,450 [INFO] EXPERIMENTS COMPLETE
2026-01-25 20:40:38,450 [INFO] ============================================================
2026-01-25 20:40:39,614 [INFO] ============================================================
2026-01-25 20:40:39,615 [INFO] PREDATOR-PREY HYDRA EFFECT EXPERIMENTS
2026-01-25 20:40:39,615 [INFO] ============================================================
2026-01-25 20:40:39,615 [INFO] Phases: [1]
2026-01-25 20:40:39,615 [INFO] Output: results/phase1_18676818
2026-01-25 20:40:39,615 [INFO] Cores: 32
2026-01-25 20:40:39,615 [INFO] Numba: ENABLED
2026-01-25 20:40:39,615 [INFO] 
2026-01-25 20:40:39,615 [INFO] ============================================================
2026-01-25 20:40:39,615 [INFO] PHASE 1
2026-01-25 20:40:39,615 [INFO] ============================================================
2026-01-25 20:40:39,615 [INFO] Estimated: 9,000 sims, ~5.3h on 32 cores (~170 core-hours)
2026-01-25 20:40:45,417 [INFO] Phase 1: 600 simulations
2026-01-25 20:40:45,417 [INFO]   Grid: 20 prey_death values × 30 reps (prey_birth=0.2)
2026-01-25 20:47:56,961 [INFO] Phase 1 complete. Results: results/phase1_18676818/phase1_results.jsonl
2026-01-25 20:47:57,002 [INFO] Phase 1 runtime: 7.3 minutes
2026-01-25 20:47:57,002 [INFO] 
2026-01-25 20:47:57,002 [INFO] ============================================================
2026-01-25 20:47:57,002 [INFO] EXPERIMENTS COMPLETE
2026-01-25 20:47:57,002 [INFO] ============================================================
