2026-01-28 13:58:09,429 [INFO] ============================================================
2026-01-28 13:58:09,430 [INFO] PREDATOR-PREY HYDRA EFFECT EXPERIMENTS
2026-01-28 13:58:09,430 [INFO] ============================================================
2026-01-28 13:58:09,430 [INFO] Phases: [4]
2026-01-28 13:58:09,430 [INFO] Output: results/phase4_18824493
2026-01-28 13:58:09,430 [INFO] Cores: 64
2026-01-28 13:58:09,430 [INFO] Numba: ENABLED
2026-01-28 13:58:09,430 [INFO] 
2026-01-28 13:58:09,430 [INFO] ============================================================
2026-01-28 13:58:09,430 [INFO] PHASE 4
2026-01-28 13:58:09,430 [INFO] ============================================================
2026-01-28 13:58:09,430 [INFO] Estimated: 750 sims, ~0.0h on 64 cores (~1 core-hours)
2026-01-28 13:58:09,431 [INFO] Dry run - skipping execution
2026-01-28 13:58:09,431 [INFO] 
2026-01-28 13:58:09,431 [INFO] ============================================================
2026-01-28 13:58:09,431 [INFO] EXPERIMENTS COMPLETE
2026-01-28 13:58:09,431 [INFO] ============================================================
2026-01-28 13:58:10,685 [INFO] ============================================================
2026-01-28 13:58:10,685 [INFO] PREDATOR-PREY HYDRA EFFECT EXPERIMENTS
2026-01-28 13:58:10,685 [INFO] ============================================================
2026-01-28 13:58:10,685 [INFO] Phases: [4]
2026-01-28 13:58:10,685 [INFO] Output: results/phase4_18824493
2026-01-28 13:58:10,685 [INFO] Cores: 64
2026-01-28 13:58:10,686 [INFO] Numba: ENABLED
2026-01-28 13:58:10,686 [INFO] 
2026-01-28 13:58:10,686 [INFO] ============================================================
2026-01-28 13:58:10,686 [INFO] PHASE 4
2026-01-28 13:58:10,686 [INFO] ============================================================
2026-01-28 13:58:10,686 [INFO] Estimated: 750 sims, ~0.0h on 64 cores (~1 core-hours)
2026-01-28 13:58:16,772 [INFO] Phase 4: Full 4D Parameter Sweep
2026-01-28 13:58:16,772 [INFO]   Parameters: prey_birth, prey_death, pred_birth, pred_death
2026-01-28 13:58:16,772 [INFO]   Range: 0.0 to 1.0 (11 steps)
2026-01-28 13:58:16,772 [INFO]   Grid Size: 250
2026-01-28 13:58:16,772 [INFO]   Replicates: 10
2026-01-28 13:58:17,596 [INFO]   Total simulations: 100,000
2026-01-28 14:02:33,079 [INFO] Phase 4 complete. Results: results/phase4_18824493/phase4_results.jsonl
2026-01-28 14:02:33,216 [INFO] Phase 4 runtime: 4.4 minutes
2026-01-28 14:02:33,216 [INFO] 
2026-01-28 14:02:33,216 [INFO] ============================================================
2026-01-28 14:02:33,216 [INFO] EXPERIMENTS COMPLETE
2026-01-28 14:02:33,216 [INFO] ============================================================
