2026-01-28 13:58:29,434 [INFO] ============================================================
2026-01-28 13:58:29,434 [INFO] PREDATOR-PREY HYDRA EFFECT EXPERIMENTS
2026-01-28 13:58:29,434 [INFO] ============================================================
2026-01-28 13:58:29,434 [INFO] Phases: [6]
2026-01-28 13:58:29,434 [INFO] Output: results/phase6_18824496
2026-01-28 13:58:29,434 [INFO] Cores: 128
2026-01-28 13:58:29,434 [INFO] Numba: ENABLED
2026-01-28 13:58:29,434 [INFO] 
2026-01-28 13:58:29,434 [INFO] ============================================================
2026-01-28 13:58:29,434 [INFO] PHASE 6
2026-01-28 13:58:29,434 [INFO] ============================================================
2026-01-28 13:58:29,435 [INFO] Estimated: 750 sims, ~0.0h on 128 cores (~1 core-hours)
2026-01-28 13:58:29,435 [INFO] Dry run - skipping execution
2026-01-28 13:58:29,435 [INFO] 
2026-01-28 13:58:29,435 [INFO] ============================================================
2026-01-28 13:58:29,435 [INFO] EXPERIMENTS COMPLETE
2026-01-28 13:58:29,435 [INFO] ============================================================
2026-01-28 13:58:30,460 [INFO] ============================================================
2026-01-28 13:58:30,460 [INFO] PREDATOR-PREY HYDRA EFFECT EXPERIMENTS
2026-01-28 13:58:30,460 [INFO] ============================================================
2026-01-28 13:58:30,460 [INFO] Phases: [6]
2026-01-28 13:58:30,460 [INFO] Output: results/phase6_18824496
2026-01-28 13:58:30,460 [INFO] Cores: 128
2026-01-28 13:58:30,461 [INFO] Numba: ENABLED
2026-01-28 13:58:30,461 [INFO] 
2026-01-28 13:58:30,461 [INFO] ============================================================
2026-01-28 13:58:30,461 [INFO] PHASE 6
2026-01-28 13:58:30,461 [INFO] ============================================================
2026-01-28 13:58:30,461 [INFO] Estimated: 750 sims, ~0.0h on 128 cores (~1 core-hours)
2026-01-28 13:58:36,366 [INFO] Phase 6: Full 4D Parameter Sweep (Directed Hunting)
2026-01-28 13:58:36,366 [INFO]   Parameters: prey_birth, prey_death, pred_birth, pred_death
2026-01-28 13:58:36,366 [INFO]   Range: 0.0 to 1.0 (11 steps)
2026-01-28 13:58:36,366 [INFO]   Grid Size: 250
2026-01-28 13:58:36,366 [INFO]   Replicates: 10
2026-01-28 13:58:36,366 [INFO]   Directed Hunting: True
2026-01-28 13:58:37,054 [INFO]   Total simulations: 100,000
2026-01-28 14:21:26,577 [INFO] Phase 6 complete. Results: results/phase6_18824496/phase6_results.jsonl
2026-01-28 14:21:26,750 [INFO] Phase 6 runtime: 22.9 minutes
2026-01-28 14:21:26,751 [INFO] 
2026-01-28 14:21:26,751 [INFO] ============================================================
2026-01-28 14:21:26,751 [INFO] EXPERIMENTS COMPLETE
2026-01-28 14:21:26,751 [INFO] ============================================================
