2026-01-26 12:12:40,935 [INFO] ============================================================
2026-01-26 12:12:40,935 [INFO] PREDATOR-PREY HYDRA EFFECT EXPERIMENTS
2026-01-26 12:12:40,935 [INFO] ============================================================
2026-01-26 12:12:40,935 [INFO] Phases: [2]
2026-01-26 12:12:40,935 [INFO] Output: results/phase2_18684370
2026-01-26 12:12:40,935 [INFO] Cores: 32
2026-01-26 12:12:40,935 [INFO] Numba: ENABLED
2026-01-26 12:12:40,935 [INFO] 
2026-01-26 12:12:40,935 [INFO] ============================================================
2026-01-26 12:12:40,935 [INFO] PHASE 2
2026-01-26 12:12:40,935 [INFO] ============================================================
2026-01-26 12:12:40,935 [INFO] Estimated: 800 sims, ~3.5h on 32 cores (~113 core-hours)
2026-01-26 12:12:40,935 [INFO] Dry run - skipping execution
2026-01-26 12:12:40,935 [INFO] 
2026-01-26 12:12:40,935 [INFO] ============================================================
2026-01-26 12:12:40,936 [INFO] EXPERIMENTS COMPLETE
2026-01-26 12:12:40,936 [INFO] ============================================================
2026-01-26 12:12:42,118 [INFO] ============================================================
2026-01-26 12:12:42,119 [INFO] PREDATOR-PREY HYDRA EFFECT EXPERIMENTS
2026-01-26 12:12:42,119 [INFO] ============================================================
2026-01-26 12:12:42,119 [INFO] Phases: [2]
2026-01-26 12:12:42,119 [INFO] Output: results/phase2_18684370
2026-01-26 12:12:42,119 [INFO] Cores: 32
2026-01-26 12:12:42,119 [INFO] Numba: ENABLED
2026-01-26 12:12:42,119 [INFO] 
2026-01-26 12:12:42,119 [INFO] ============================================================
2026-01-26 12:12:42,119 [INFO] PHASE 2
2026-01-26 12:12:42,119 [INFO] ============================================================
2026-01-26 12:12:42,119 [INFO] Estimated: 800 sims, ~3.5h on 32 cores (~113 core-hours)
2026-01-26 12:12:44,094 [INFO] Phase 2: 400 simulations
2026-01-26 12:12:44,094 [INFO]   prey_birth values: 1
2026-01-26 12:12:44,094 [INFO]   initial prey_death values: 20
2026-01-26 12:12:44,094 [INFO]   Replicates: 20
2026-01-26 14:31:02,270 [INFO] Phase 2 complete. Results: results/phase2_18684370/phase2_results.jsonl
2026-01-26 14:31:02,270 [INFO] Phase 2 runtime: 138.3 minutes
2026-01-26 14:31:02,270 [INFO] 
2026-01-26 14:31:02,270 [INFO] ============================================================
2026-01-26 14:31:02,270 [INFO] EXPERIMENTS COMPLETE
2026-01-26 14:31:02,270 [INFO] ============================================================
