2026-01-28 17:22:44,330 [INFO] ============================================================
2026-01-28 17:22:44,330 [INFO] PREDATOR-PREY HYDRA EFFECT EXPERIMENTS
2026-01-28 17:22:44,330 [INFO] ============================================================
2026-01-28 17:22:44,330 [INFO] Phases: [6]
2026-01-28 17:22:44,330 [INFO] Output: results/phase6_18832958
2026-01-28 17:22:44,330 [INFO] Cores: 128
2026-01-28 17:22:44,330 [INFO] Numba: ENABLED
2026-01-28 17:22:44,330 [INFO] 
2026-01-28 17:22:44,331 [INFO] ============================================================
2026-01-28 17:22:44,331 [INFO] PHASE 6
2026-01-28 17:22:44,331 [INFO] ============================================================
2026-01-28 17:22:44,331 [INFO] Estimated: 750 sims, ~0.0h on 128 cores (~1 core-hours)
2026-01-28 17:22:44,331 [INFO] Dry run - skipping execution
2026-01-28 17:22:44,331 [INFO] 
2026-01-28 17:22:44,331 [INFO] ============================================================
2026-01-28 17:22:44,331 [INFO] EXPERIMENTS COMPLETE
2026-01-28 17:22:44,331 [INFO] ============================================================
2026-01-28 17:22:45,346 [INFO] ============================================================
2026-01-28 17:22:45,347 [INFO] PREDATOR-PREY HYDRA EFFECT EXPERIMENTS
2026-01-28 17:22:45,347 [INFO] ============================================================
2026-01-28 17:22:45,347 [INFO] Phases: [6]
2026-01-28 17:22:45,347 [INFO] Output: results/phase6_18832958
2026-01-28 17:22:45,347 [INFO] Cores: 128
2026-01-28 17:22:45,347 [INFO] Numba: ENABLED
2026-01-28 17:22:45,347 [INFO] 
2026-01-28 17:22:45,347 [INFO] ============================================================
2026-01-28 17:22:45,347 [INFO] PHASE 6
2026-01-28 17:22:45,347 [INFO] ============================================================
2026-01-28 17:22:45,347 [INFO] Estimated: 750 sims, ~0.0h on 128 cores (~1 core-hours)
2026-01-28 17:22:46,886 [INFO] Phase 6: Full 4D Parameter Sweep (Directed Hunting)
2026-01-28 17:22:46,887 [INFO]   prey_death: 10 values from 0.05 to 0.95
2026-01-28 17:22:46,887 [INFO]   prey_birth, pred_birth, pred_death: 11 values each from 0 to 1
2026-01-28 17:22:46,887 [INFO]   Grid Size: 250
2026-01-28 17:22:46,887 [INFO]   Replicates: 10
2026-01-28 17:22:46,887 [INFO]   Directed Hunting: True
2026-01-28 17:22:47,842 [INFO]   Total simulations: 133,100
2026-01-28 17:54:16,598 [INFO] Phase 6 complete. Results: results/phase6_18832958/phase6_results.jsonl
2026-01-28 17:54:16,887 [INFO] Phase 6 runtime: 31.5 minutes
2026-01-28 17:54:16,887 [INFO] 
2026-01-28 17:54:16,887 [INFO] ============================================================
2026-01-28 17:54:16,887 [INFO] EXPERIMENTS COMPLETE
2026-01-28 17:54:16,887 [INFO] ============================================================
