2026-01-28 17:21:08,894 [INFO] ============================================================
2026-01-28 17:21:08,894 [INFO] PREDATOR-PREY HYDRA EFFECT EXPERIMENTS
2026-01-28 17:21:08,894 [INFO] ============================================================
2026-01-28 17:21:08,894 [INFO] Phases: [4]
2026-01-28 17:21:08,894 [INFO] Output: results/phase4_18832956
2026-01-28 17:21:08,894 [INFO] Cores: 128
2026-01-28 17:21:08,894 [INFO] Numba: ENABLED
2026-01-28 17:21:08,894 [INFO] 
2026-01-28 17:21:08,894 [INFO] ============================================================
2026-01-28 17:21:08,894 [INFO] PHASE 4
2026-01-28 17:21:08,894 [INFO] ============================================================
2026-01-28 17:21:08,894 [INFO] Estimated: 750 sims, ~0.0h on 128 cores (~1 core-hours)
2026-01-28 17:21:08,894 [INFO] Dry run - skipping execution
2026-01-28 17:21:08,894 [INFO] 
2026-01-28 17:21:08,894 [INFO] ============================================================
2026-01-28 17:21:08,894 [INFO] EXPERIMENTS COMPLETE
2026-01-28 17:21:08,894 [INFO] ============================================================
2026-01-28 17:21:09,903 [INFO] ============================================================
2026-01-28 17:21:09,903 [INFO] PREDATOR-PREY HYDRA EFFECT EXPERIMENTS
2026-01-28 17:21:09,903 [INFO] ============================================================
2026-01-28 17:21:09,903 [INFO] Phases: [4]
2026-01-28 17:21:09,903 [INFO] Output: results/phase4_18832956
2026-01-28 17:21:09,903 [INFO] Cores: 128
2026-01-28 17:21:09,903 [INFO] Numba: ENABLED
2026-01-28 17:21:09,903 [INFO] 
2026-01-28 17:21:09,903 [INFO] ============================================================
2026-01-28 17:21:09,903 [INFO] PHASE 4
2026-01-28 17:21:09,903 [INFO] ============================================================
2026-01-28 17:21:09,903 [INFO] Estimated: 750 sims, ~0.0h on 128 cores (~1 core-hours)
2026-01-28 17:21:15,067 [INFO] Phase 4: Full 4D Parameter Sweep
2026-01-28 17:21:15,067 [INFO]   prey_death: 10 values from 0.05 to 0.95
2026-01-28 17:21:15,067 [INFO]   prey_birth, pred_birth, pred_death: 11 values each from 0 to 1
2026-01-28 17:21:15,067 [INFO]   Grid Size: 250
2026-01-28 17:21:15,068 [INFO]   Replicates: 10
2026-01-28 17:21:15,956 [INFO]   Total simulations: 133,100
2026-01-28 17:38:40,684 [INFO] Phase 4 complete. Results: results/phase4_18832956/phase4_results.jsonl
2026-01-28 17:38:41,063 [INFO] Phase 4 runtime: 17.5 minutes
2026-01-28 17:38:41,064 [INFO] 
2026-01-28 17:38:41,064 [INFO] ============================================================
2026-01-28 17:38:41,064 [INFO] EXPERIMENTS COMPLETE
2026-01-28 17:38:41,064 [INFO] ============================================================
